[WARNING] Disabling enhanced local repository: using legacy is strongly discouraged to ensure build reproducibility.
[INFO] Scanning for projects...
[INFO] 
[INFO] Using the builder org.apache.maven.lifecycle.internal.builder.singlethreaded.SingleThreadedBuilder with a thread count of 1
[INFO]                                                                         
[INFO] ------------------------------------------------------------------------
[INFO] Building ORDER_ETL etl_wrapper-0.1.0 (0.1,Job Designs) 0.1.0
[INFO] ------------------------------------------------------------------------
[WARNING] The POM for log4j:log4j:jar:1.2.17 is missing, no dependency information available
[INFO] 
[INFO] --- maven-resources-plugin:3.0.2:resources (default-resources) @ etl_wrapper ---
[WARNING] Using platform encoding (UTF-8 actually) to copy filtered resources, i.e. build is platform dependent!
[INFO] Copying 1 resource
[INFO] 
[INFO] --- maven-compiler-plugin:3.6.1:compile (default-compile) @ etl_wrapper ---
[INFO] Not compiling main sources
[INFO] 
[INFO] --- maven-resources-plugin:3.0.2:testResources (default-testResources) @ etl_wrapper ---
[INFO] Not copying test resources
[INFO] 
[INFO] --- maven-compiler-plugin:3.6.1:testCompile (default-testCompile) @ etl_wrapper ---
[INFO] Not compiling test sources
[INFO] 
[INFO] --- maven-surefire-plugin:2.20:test (default-test) @ etl_wrapper ---
[INFO] Tests are skipped.
[INFO] 
[INFO] --- maven-jar-plugin:3.0.2:jar (default-jar) @ etl_wrapper ---
[INFO] Building jar: /Users/gstreet/RUP/workspaces/data-warehouse-order/data-warehouse-order-etl/ORDER_ETL/ORDER_ETL/poms/jobs/process/ETL/etl_wrapper_0.1/target/etl_wrapper_0_1.jar
[INFO] 
[INFO] --- maven-assembly-plugin:3.0.0:single (default) @ etl_wrapper ---
[INFO] Reading assembly descriptor: /Users/gstreet/RUP/workspaces/data-warehouse-order/data-warehouse-order-etl/ORDER_ETL/ORDER_ETL/poms/jobs/process/ETL/etl_wrapper_0.1/src/main/assemblies/assembly.xml
[WARNING] Missing POM for log4j:log4j:jar:1.2.17
[INFO] Building zip: /Users/gstreet/RUP/workspaces/data-warehouse-order/data-warehouse-order-etl/ORDER_ETL/ORDER_ETL/poms/jobs/process/ETL/etl_wrapper_0.1/target/etl_wrapper_0_1.zip
[INFO] ------------------------------------------------------------------------
[INFO] BUILD SUCCESS
[INFO] ------------------------------------------------------------------------
[INFO] Total time: 1.624 s
[INFO] Finished at: 2019-06-18T09:48:31-05:00
[INFO] Final Memory: 12M/491M
[INFO] ------------------------------------------------------------------------
